SF:lib/core/errors/network_exception.dart
DA:5,4
DA:7,1
DA:10,10
DA:12,0
DA:13,0
LF:5
LH:3
end_of_record
SF:lib/core/network/dio_api_request_manager.dart
DA:16,1
DA:18,1
DA:21,3
DA:22,6
DA:23,3
DA:24,6
DA:25,6
DA:26,3
DA:33,9
DA:35,3
DA:41,3
DA:43,9
DA:44,3
DA:45,2
DA:46,4
DA:48,2
DA:52,2
DA:54,0
DA:55,0
DA:57,2
DA:58,2
DA:59,2
DA:60,0
DA:61,0
DA:62,0
DA:66,2
DA:67,0
DA:68,0
DA:69,0
DA:70,0
DA:75,2
DA:76,4
DA:79,0
DA:84,12
DA:96,2
DA:102,3
DA:105,9
DA:106,1
DA:108,3
DA:109,8
DA:115,0
DA:118,0
DA:119,0
DA:121,0
DA:122,0
LF:45
LH:30
end_of_record
SF:lib/core/errors/general_exception.dart
DA:4,0
LF:1
LH:0
end_of_record
SF:lib/data/ip/model/ip_model.dart
DA:6,3
DA:8,2
DA:9,4
DA:10,4
DA:11,4
DA:14,1
DA:15,1
DA:16,2
DA:17,2
DA:18,2
DA:22,2
DA:25,26
DA:27,0
DA:28,0
LF:14
LH:12
end_of_record
SF:lib/data/ip/datasource/remote/ip_remote_datasource.dart
DA:12,3
DA:14,3
DA:17,6
DA:18,1
DA:20,3
DA:24,0
LF:6
LH:5
end_of_record
SF:lib/core/errors/general_failure.dart
DA:7,2
DA:9,0
DA:10,0
DA:12,0
DA:14,0
DA:16,0
DA:17,0
LF:7
LH:1
end_of_record
SF:lib/data/ip/repository/ip_repository.dart
DA:17,3
DA:19,3
DA:22,6
DA:23,2
DA:25,3
DA:26,0
DA:28,3
DA:29,6
DA:31,3
LF:9
LH:8
end_of_record
SF:lib/domain/ip/entity/ip_entity.dart
DA:8,3
DA:10,2
DA:11,1
DA:12,1
DA:13,1
DA:16,0
DA:17,0
DA:18,0
DA:19,0
DA:23,0
DA:24,0
DA:25,0
DA:26,0
DA:29,1
DA:32,13
DA:34,0
DA:35,0
LF:17
LH:7
end_of_record
SF:lib/core/errors/network_failure.dart
DA:7,2
DA:9,2
DA:10,2
LF:3
LH:3
end_of_record
SF:lib/core/errors/failure.dart
DA:5,0
DA:6,0
DA:8,0
LF:3
LH:0
end_of_record
SF:lib/domain/ip/usecase/ip_usecase.dart
DA:12,3
DA:14,3
DA:16,6
DA:20,3
LF:4
LH:4
end_of_record
SF:lib/core/di/injector.dart
DA:11,6
DA:13,2
DA:15,6
DA:16,12
DA:17,12
DA:18,12
LF:6
LH:6
end_of_record
SF:lib/core/states/ui_state.dart
DA:12,1
DA:18,2
DA:20,4
LF:3
LH:3
end_of_record
SF:lib/presentation/ip/pages/ip_page.dart
DA:11,4
DA:14,2
DA:16,2
DA:17,2
DA:20,2
DA:21,2
DA:22,4
DA:23,2
DA:34,3
DA:36,2
DA:38,2
DA:39,2
DA:42,2
DA:45,4
DA:50,2
DA:51,2
DA:52,2
DA:53,4
DA:54,2
DA:57,2
DA:58,1
DA:59,1
DA:61,1
DA:62,3
DA:64,3
DA:66,3
DA:70,2
DA:71,2
DA:72,2
DA:74,2
DA:75,2
DA:76,0
DA:77,0
DA:82,2
DA:87,0
LF:35
LH:32
end_of_record
SF:lib/presentation/ip/providers/ip_provider.dart
DA:12,2
DA:16,4
DA:18,2
DA:19,2
DA:20,2
DA:23,2
DA:24,4
DA:25,4
DA:26,2
DA:27,2
DA:28,6
DA:30,0
DA:31,0
LF:13
LH:11
end_of_record
SF:lib/presentation/home/pages/home_page.dart
DA:5,1
DA:7,1
DA:8,1
DA:12,1
DA:14,1
DA:15,1
DA:18,1
DA:22,1
DA:23,1
DA:24,4
DA:25,4
DA:26,1
DA:29,1
DA:30,1
DA:31,1
DA:32,5
LF:16
LH:16
end_of_record
